Wed Jan 29 09:21:51 TST 2025 - Geri Sayım Süresi başladı
Wed Jan 29 09:21:54 TST 2025 - Geri Sayım Süresi bitti
Wed Jan 29 09:22:15 TST 2025 - Geri Sayım Süresi başladı
Wed Jan 29 09:22:18 TST 2025 - Geri Sayım Süresi bitti
Wed Jan 29 09:22:18 TST 2025 - Geri Sayım Süresi başladı
Wed Jan 29 09:22:21 TST 2025 - Geri Sayım Süresi bitti
Wed Jan 29 09:24:58 TST 2025 - Geri Sayım Süresi başladı
Wed Jan 29 09:25:02 TST 2025 - Geri Sayım Süresi bitti
Wed Jan 29 09:25:02 TST 2025 - Geri Sayım Süresi başladı
Wed Jan 29 09:25:05 TST 2025 - Geri Sayım Süresi bitti
Wed Jan 29 09:29:35 TST 2025 - Geri Sayım Süresi başladı
Wed Jan 29 09:29:38 TST 2025 - Geri Sayım Süresi bitti
Wed Jan 29 09:29:49 TST 2025 - Geri Sayım Süresi başladı
Wed Jan 29 09:29:52 TST 2025 - Geri Sayım Süresi bitti
Wed Jan 29 09:29:56 TST 2025 - Geri Sayım Süresi başladı
Wed Jan 29 09:29:59 TST 2025 - Geri Sayım Süresi bitti
Wed Jan 29 09:30:04 TST 2025 - Geri Sayım Süresi başladı
Wed Jan 29 09:30:07 TST 2025 - Geri Sayım Süresi bitti
Wed Jan 29 09:30:07 TST 2025 - Geri Sayım Süresi başladı
Wed Jan 29 09:30:10 TST 2025 - Geri Sayım Süresi bitti
Wed Jan 29 09:30:29 TST 2025 - Geri Sayım Süresi başladı
Wed Jan 29 09:30:32 TST 2025 - Geri Sayım Süresi bitti
Wed Jan 29 09:30:33 TST 2025 - Geri Sayım Süresi başladı
Wed Jan 29 09:30:36 TST 2025 - Geri Sayım Süresi bitti
Wed Jan 29 09:31:30 TST 2025 - Geri Sayım Süresi başladı
Wed Jan 29 09:31:33 TST 2025 - Geri Sayım Süresi bitti
Wed Jan 29 09:31:46 TST 2025 - Geri Sayım Süresi başladı
Wed Jan 29 09:31:49 TST 2025 - Geri Sayım Süresi bitti
Wed Jan 29 09:31:55 TST 2025 - Geri Sayım Süresi başladı
Wed Jan 29 09:31:58 TST 2025 - Geri Sayım Süresi bitti
Wed Jan 29 09:32:25 TST 2025 - Geri Sayım Süresi başladı
Wed Jan 29 09:32:28 TST 2025 - Geri Sayım Süresi bitti
Wed Jan 29 09:32:43 TST 2025 - Geri Sayım Süresi başladı
Wed Jan 29 09:32:46 TST 2025 - Geri Sayım Süresi bitti
Wed Jan 29 09:32:55 TST 2025 - Geri Sayım Süresi başladı
Wed Jan 29 09:32:58 TST 2025 - Geri Sayım Süresi bitti
Wed Jan 29 09:32:58 TST 2025 - Geri Sayım Süresi başladı
Wed Jan 29 09:33:02 TST 2025 - Geri Sayım Süresi bitti
Wed Jan 29 09:33:16 TST 2025 - Geri Sayım Süresi başladı
Wed Jan 29 09:33:19 TST 2025 - Geri Sayım Süresi bitti
Wed Jan 29 09:33:22 TST 2025 - Geri Sayım Süresi başladı
Wed Jan 29 09:33:25 TST 2025 - Geri Sayım Süresi bitti
Wed Jan 29 09:38:54 TST 2025 - Geri Sayım Süresi başladı
Wed Jan 29 09:38:57 TST 2025 - Geri Sayım Süresi bitti
Wed Jan 29 09:38:57 TST 2025 - Geri Sayım Süresi başladı
Wed Jan 29 09:39:00 TST 2025 - Geri Sayım Süresi bitti
Wed Jan 29 09:40:55 TST 2025 - Geri Sayım Süresi başladı
Wed Jan 29 09:40:58 TST 2025 - Geri Sayım Süresi bitti
Wed Jan 29 09:41:15 TST 2025 - Geri Sayım Süresi başladı
Wed Jan 29 09:41:18 TST 2025 - Geri Sayım Süresi bitti
Wed Jan 29 09:43:07 TST 2025 - Geri Sayım Süresi başladı
Wed Jan 29 09:43:10 TST 2025 - Geri Sayım Süresi bitti
Wed Jan 29 09:43:23 TST 2025 - Geri Sayım Süresi başladı
Wed Jan 29 09:43:26 TST 2025 - Geri Sayım Süresi bitti
Wed Jan 29 09:43:28 TST 2025 - Geri Sayım Süresi başladı
Wed Jan 29 09:43:31 TST 2025 - Geri Sayım Süresi bitti
Wed Jan 29 09:43:32 TST 2025 - Geri Sayım Süresi başladı
Wed Jan 29 09:43:35 TST 2025 - Geri Sayım Süresi bitti
Wed Jan 29 09:43:36 TST 2025 - Geri Sayım Süresi başladı
Wed Jan 29 09:43:40 TST 2025 - Geri Sayım Süresi bitti
Wed Jan 29 09:43:41 TST 2025 - Geri Sayım Süresi başladı
Wed Jan 29 09:43:44 TST 2025 - Geri Sayım Süresi bitti
Wed Jan 29 09:43:45 TST 2025 - Geri Sayım Süresi başladı
Wed Jan 29 09:43:48 TST 2025 - Geri Sayım Süresi bitti
Wed Jan 29 09:43:49 TST 2025 - Geri Sayım Süresi başladı
Wed Jan 29 09:43:52 TST 2025 - Geri Sayım Süresi bitti
Wed Jan 29 09:43:52 TST 2025 - Geri Sayım Süresi başladı
Wed Jan 29 09:43:55 TST 2025 - Geri Sayım Süresi bitti
Wed Jan 29 09:43:56 TST 2025 - Geri Sayım Süresi başladı
Wed Jan 29 09:44:00 TST 2025 - Geri Sayım Süresi bitti
Wed Jan 29 09:44:01 TST 2025 - Geri Sayım Süresi başladı
Wed Jan 29 09:44:04 TST 2025 - Geri Sayım Süresi bitti
Wed Jan 29 09:44:06 TST 2025 - Geri Sayım Süresi başladı
Wed Jan 29 09:44:09 TST 2025 - Geri Sayım Süresi bitti
Wed Jan 29 09:44:10 TST 2025 - Geri Sayım Süresi başladı
Wed Jan 29 09:44:13 TST 2025 - Geri Sayım Süresi bitti
Wed Jan 29 09:45:03 TST 2025 - Geri Sayım Süresi başladı
Wed Jan 29 09:45:06 TST 2025 - Geri Sayım Süresi bitti
Wed Jan 29 09:50:05 TST 2025 - Geri Sayım Süresi başladı
Wed Jan 29 09:50:09 TST 2025 - Geri Sayım Süresi bitti
Wed Jan 29 09:50:11 TST 2025 - Geri Sayım Süresi başladı
Wed Jan 29 09:50:14 TST 2025 - Geri Sayım Süresi bitti
Wed Jan 29 09:53:04 TST 2025 - Geri Sayım Süresi başladı
Wed Jan 29 09:53:08 TST 2025 - Geri Sayım Süresi bitti
Wed Jan 29 10:35:15 TST 2025 - Geri Sayım Süresi başladı
Wed Jan 29 10:35:18 TST 2025 - Geri Sayım Süresi bitti
Wed Jan 29 10:35:21 TST 2025 - Geri Sayım Süresi başladı
Wed Jan 29 10:35:24 TST 2025 - Geri Sayım Süresi bitti
Wed, Jan 29, 2025 12:29:38 - Geri Sayım Süresi başladı
Wed, Jan 29, 2025 12:29:41 - Geri Sayım Süresi bitti
Wed, Jan 29, 2025 12:29:50 - Geri Sayım Süresi başladı
Wed, Jan 29, 2025 12:29:53 - Geri Sayım Süresi bitti
Wed, Jan 29, 2025 12:33:10 - Geri Sayım Süresi başladı
Wed, Jan 29, 2025 12:33:13 - Geri Sayım Süresi bitti
Wed, Jan 29, 2025 12:33:15 - Geri Sayım Süresi başladı
Wed, Jan 29, 2025 12:33:19 - Geri Sayım Süresi bitti
Wed, Jan 29, 2025 12:34:01 - Geri Sayım Süresi başladı
Wed, Jan 29, 2025 12:34:04 - Geri Sayım Süresi bitti
Wed, Jan 29, 2025 12:34:06 - Geri Sayım Süresi başladı
Wed, Jan 29, 2025 12:34:09 - Geri Sayım Süresi bitti
Wed, Jan 29, 2025 12:35:11 - Geri Sayım Süresi başladı
Wed, Jan 29, 2025 12:35:14 - Geri Sayım Süresi bitti
Wed, Jan 29, 2025 12:35:16 - Geri Sayım Süresi başladı
Wed, Jan 29, 2025 12:35:19 - Geri Sayım Süresi bitti
Thu, Jan 30, 2025  9:56:07 AM - Geri Sayım Süresi başladı
Thu, Jan 30, 2025  9:56:10 AM - Geri Sayım Süresi bitti
Thu, Jan 30, 2025  9:56:15 AM - Geri Sayım Süresi başladı
Thu, Jan 30, 2025  9:56:18 AM - Geri Sayım Süresi bitti
Thu, Jan 30, 2025  9:56:18 AM - Geri Sayım Süresi başladı
Thu, Jan 30, 2025  9:56:21 AM - Geri Sayım Süresi bitti
Thu, Jan 30, 2025  9:56:24 AM - Geri Sayım Süresi başladı
Thu, Jan 30, 2025  9:56:27 AM - Geri Sayım Süresi bitti
Thu, Jan 30, 2025  9:56:27 AM - Geri Sayım Süresi başladı
Thu, Jan 30, 2025  9:56:30 AM - Geri Sayım Süresi bitti
Thu, Jan 30, 2025  9:56:32 AM - Geri Sayım Süresi başladı
Thu, Jan 30, 2025  9:56:36 AM - Geri Sayım Süresi bitti
Thu, Jan 30, 2025  9:56:36 AM - Geri Sayım Süresi başladı
Thu, Jan 30, 2025  9:56:39 AM - Geri Sayım Süresi bitti
Thu, Jan 30, 2025  9:56:42 AM - Geri Sayım Süresi başladı
Thu, Jan 30, 2025  9:56:45 AM - Geri Sayım Süresi bitti
Thu, Jan 30, 2025  9:56:46 AM - Geri Sayım Süresi başladı
Thu, Jan 30, 2025  9:56:49 AM - Geri Sayım Süresi bitti
Thu, Jan 30, 2025  9:56:53 AM - Geri Sayım Süresi başladı
Thu, Jan 30, 2025  9:56:56 AM - Geri Sayım Süresi bitti
Thu, Jan 30, 2025  9:57:08 AM - Geri Sayım Süresi başladı
Thu, Jan 30, 2025  9:57:11 AM - Geri Sayım Süresi bitti
Thu, Jan 30, 2025  9:57:14 AM - Geri Sayım Süresi başladı
Thu, Jan 30, 2025  9:57:17 AM - Geri Sayım Süresi bitti
Thu, Jan 30, 2025  9:58:28 AM - Geri Sayım Süresi başladı
Thu, Jan 30, 2025  9:58:31 AM - Geri Sayım Süresi bitti
Thu, Jan 30, 2025  9:58:35 AM - Geri Sayım Süresi başladı
Thu, Jan 30, 2025  9:58:38 AM - Geri Sayım Süresi bitti
Thu, Jan 30, 2025  9:59:31 AM - Geri Sayım Süresi başladı
Thu, Jan 30, 2025  9:59:34 AM - Geri Sayım Süresi bitti
Thu, Jan 30, 2025  9:59:37 AM - Geri Sayım Süresi başladı
Thu, Jan 30, 2025  9:59:41 AM - Geri Sayım Süresi bitti
Thu, Jan 30, 2025 10:00:18 AM - Geri Sayım Süresi başladı
Thu, Jan 30, 2025 10:00:21 AM - Geri Sayım Süresi bitti
Thu, Jan 30, 2025 10:00:22 AM - Geri Sayım Süresi başladı
Thu, Jan 30, 2025 10:00:25 AM - Geri Sayım Süresi bitti
Thu, Jan 30, 2025 10:00:29 AM - Geri Sayım Süresi başladı
Thu, Jan 30, 2025 10:00:32 AM - Geri Sayım Süresi bitti
Thu, Jan 30, 2025 10:04:09 AM - Geri Sayım Süresi başladı
Thu, Jan 30, 2025 10:04:13 AM - Geri Sayım Süresi bitti
Thu, Jan 30, 2025 10:04:15 AM - Geri Sayım Süresi başladı
Thu, Jan 30, 2025 10:04:18 AM - Geri Sayım Süresi bitti
Thu, Jan 30, 2025 10:04:21 AM - Geri Sayım Süresi başladı
Thu, Jan 30, 2025 10:04:24 AM - Geri Sayım Süresi bitti
Thu, Jan 30, 2025 10:04:26 AM - Geri Sayım Süresi başladı
Thu, Jan 30, 2025 10:04:29 AM - Geri Sayım Süresi bitti
Thu, Jan 30, 2025 10:04:33 AM - Geri Sayım Süresi başladı
Thu, Jan 30, 2025 10:04:36 AM - Geri Sayım Süresi bitti
Thu, Jan 30, 2025 10:04:38 AM - Geri Sayım Süresi başladı
Thu, Jan 30, 2025 10:04:41 AM - Geri Sayım Süresi bitti
Thu, Jan 30, 2025 10:04:56 AM - Geri Sayım Süresi başladı
Thu, Jan 30, 2025 10:04:59 AM - Geri Sayım Süresi bitti
Thu, Jan 30, 2025 10:05:03 AM - Geri Sayım Süresi başladı
Thu, Jan 30, 2025 10:05:06 AM - Geri Sayım Süresi bitti
Thu, Jan 30, 2025 10:05:11 AM - Geri Sayım Süresi başladı
Thu, Jan 30, 2025 10:05:14 AM - Geri Sayım Süresi bitti
Thu, Jan 30, 2025 10:05:14 AM - Geri Sayım Süresi başladı
Thu, Jan 30, 2025 10:05:17 AM - Geri Sayım Süresi bitti
Thu, Jan 30, 2025 10:05:20 AM - Geri Sayım Süresi başladı
Thu, Jan 30, 2025 10:05:23 AM - Geri Sayım Süresi bitti
Thu, Jan 30, 2025 10:05:28 AM - Geri Sayım Süresi başladı
Thu, Jan 30, 2025 10:05:31 AM - Geri Sayım Süresi bitti
Thu, Jan 30, 2025 10:05:34 AM - Geri Sayım Süresi başladı
Thu, Jan 30, 2025 10:05:38 AM - Geri Sayım Süresi bitti
Thu, Jan 30, 2025 10:05:41 AM - Geri Sayım Süresi başladı
Thu, Jan 30, 2025 10:05:44 AM - Geri Sayım Süresi bitti
Thu, Jan 30, 2025 10:06:00 AM - Geri Sayım Süresi başladı
Thu, Jan 30, 2025 10:06:03 AM - Geri Sayım Süresi bitti
Thu, Jan 30, 2025 10:07:01 AM - Geri Sayım Süresi başladı
Thu, Jan 30, 2025 10:07:04 AM - Geri Sayım Süresi bitti
Thu, Jan 30, 2025 10:07:07 AM - Geri Sayım Süresi başladı
Thu, Jan 30, 2025 10:07:10 AM - Geri Sayım Süresi bitti
